<?xml version="1.0" encoding="utf-8"?>
<TestRun id="fbd72a28-172d-4690-8e76-8108d67a169d" name="larod@SEBASTIAN 2024-11-15 23:04:24" runUser="SEBASTIAN\larod" xmlns="http://microsoft.com/schemas/VisualStudio/TeamTest/2010">
  <Times creation="2024-11-15T23:04:24.5393863-05:00" queuing="2024-11-15T23:04:24.5393867-05:00" start="2024-11-15T23:04:22.7252596-05:00" finish="2024-11-15T23:04:32.9746876-05:00" />
  <TestSettings name="default" id="533bc81e-8a80-407d-8fdc-426b46e90cc1">
    <Deployment runDeploymentRoot="larod_SEBASTIAN_2024-11-15_23_04_24" />
  </TestSettings>
  <Results>
    <UnitTestResult executionId="1476469a-3bcf-4bbc-a558-4f46943b1f8c" testId="7d5840e3-0ae0-81d2-e594-98cdfb1d4702" testName="DashboardSeleniumTests.Dashboard_VisibleToOperator_AfterLogin" computerName="SEBASTIAN" duration="00:00:07.2180073" startTime="2024-11-15T23:04:30.3547445-05:00" endTime="2024-11-15T23:04:30.3547450-05:00" testType="13cdc9d9-ddb5-4fa4-a97d-d965ccfc6d4b" outcome="Passed" testListId="8c84fa94-04c1-424b-9868-57a2d4851a1d" relativeResultsDirectory="1476469a-3bcf-4bbc-a558-4f46943b1f8c" />
    <UnitTestResult executionId="7ef21af3-7dbd-42f3-aa66-68b87a7d8020" testId="e157b470-938d-bedc-a0bf-753f4ff76d22" testName="LoginSeleniumTests.LoginTestWithSelenium" computerName="SEBASTIAN" duration="00:00:07.1014622" startTime="2024-11-15T23:04:30.2382937-05:00" endTime="2024-11-15T23:04:30.2382940-05:00" testType="13cdc9d9-ddb5-4fa4-a97d-d965ccfc6d4b" outcome="Passed" testListId="8c84fa94-04c1-424b-9868-57a2d4851a1d" relativeResultsDirectory="7ef21af3-7dbd-42f3-aa66-68b87a7d8020" />
    <UnitTestResult executionId="50e61171-851a-4004-9ac6-f9de8da5890c" testId="086a3fb4-b255-0acd-e47b-348d2a743395" testName="FrontendAdmin.Tests.LoginTests.Login_Authentication_ReturnsViewResult_WhenCredentialsAreValid" computerName="SEBASTIAN" duration="00:00:00.5331897" startTime="2024-11-15T23:04:23.6740474-05:00" endTime="2024-11-15T23:04:23.6740607-05:00" testType="13cdc9d9-ddb5-4fa4-a97d-d965ccfc6d4b" outcome="Passed" testListId="8c84fa94-04c1-424b-9868-57a2d4851a1d" relativeResultsDirectory="50e61171-851a-4004-9ac6-f9de8da5890c" />
    <UnitTestResult executionId="d681ceb9-47f4-49d2-ad36-df62ed506206" testId="cb6b37a2-2da3-4ff4-1e7e-f994925f17bd" testName="ReportesSeleniumTests.VisualizarReporteDeTiradores_AfterLogin_DisplaysTiradoresList" computerName="SEBASTIAN" duration="00:00:07.3922756" startTime="2024-11-15T23:04:30.5290819-05:00" endTime="2024-11-15T23:04:30.5290822-05:00" testType="13cdc9d9-ddb5-4fa4-a97d-d965ccfc6d4b" outcome="Passed" testListId="8c84fa94-04c1-424b-9868-57a2d4851a1d" relativeResultsDirectory="d681ceb9-47f4-49d2-ad36-df62ed506206" />
    <UnitTestResult executionId="748541c7-dba9-4541-9ca9-1b90dcfe1654" testId="73e04cbc-9308-44a2-b9e2-bbbb3b4185a7" testName="ConfiguracionExamenSeleniumTests.ConfigurarExamen_AfterLogin_UpdatesNumeroDisparos" computerName="SEBASTIAN" duration="00:00:09.7945825" startTime="2024-11-15T23:04:32.9312921-05:00" endTime="2024-11-15T23:04:32.9312925-05:00" testType="13cdc9d9-ddb5-4fa4-a97d-d965ccfc6d4b" outcome="Passed" testListId="8c84fa94-04c1-424b-9868-57a2d4851a1d" relativeResultsDirectory="748541c7-dba9-4541-9ca9-1b90dcfe1654" />
    <UnitTestResult executionId="18fbf00f-a6d4-4d98-b7ea-3806cdb374b5" testId="eb2e096e-d24f-b1dd-47f9-85b01e424c22" testName="PdfTests.ExportPdf_ReturnsPdfFile" computerName="SEBASTIAN" duration="00:00:00.9365784" startTime="2024-11-15T23:04:24.0774910-05:00" endTime="2024-11-15T23:04:24.0774914-05:00" testType="13cdc9d9-ddb5-4fa4-a97d-d965ccfc6d4b" outcome="Passed" testListId="8c84fa94-04c1-424b-9868-57a2d4851a1d" relativeResultsDirectory="18fbf00f-a6d4-4d98-b7ea-3806cdb374b5" />
    <UnitTestResult executionId="0897cc3a-bf08-441d-8c20-c1a26107b170" testId="d41d8341-0a1a-82e3-ea84-e754562916ba" testName="FrontendAdmin.Tests.LoginTests.Login_ValidCredentials_ReturnsViewResult" computerName="SEBASTIAN" duration="00:00:00.0600362" startTime="2024-11-15T23:04:23.7337845-05:00" endTime="2024-11-15T23:04:23.7337849-05:00" testType="13cdc9d9-ddb5-4fa4-a97d-d965ccfc6d4b" outcome="Passed" testListId="8c84fa94-04c1-424b-9868-57a2d4851a1d" relativeResultsDirectory="0897cc3a-bf08-441d-8c20-c1a26107b170" />
  </Results>
  <TestDefinitions>
    <UnitTest name="LoginSeleniumTests.LoginTestWithSelenium" storage="c:\users\larod\source\repos\frontend_admin\frontendadmin.tests\bin\debug\net8.0\frontendadmin.tests.dll" id="e157b470-938d-bedc-a0bf-753f4ff76d22">
      <Execution id="7ef21af3-7dbd-42f3-aa66-68b87a7d8020" />
      <TestMethod codeBase="C:\Users\larod\source\repos\frontend_admin\FrontendAdmin.Tests\bin\Debug\net8.0\FrontendAdmin.Tests.dll" adapterTypeName="executor://xunit/VsTestRunner2/netcoreapp" className="LoginSeleniumTests" name="LoginTestWithSelenium" />
    </UnitTest>
    <UnitTest name="ConfiguracionExamenSeleniumTests.ConfigurarExamen_AfterLogin_UpdatesNumeroDisparos" storage="c:\users\larod\source\repos\frontend_admin\frontendadmin.tests\bin\debug\net8.0\frontendadmin.tests.dll" id="73e04cbc-9308-44a2-b9e2-bbbb3b4185a7">
      <Execution id="748541c7-dba9-4541-9ca9-1b90dcfe1654" />
      <TestMethod codeBase="C:\Users\larod\source\repos\frontend_admin\FrontendAdmin.Tests\bin\Debug\net8.0\FrontendAdmin.Tests.dll" adapterTypeName="executor://xunit/VsTestRunner2/netcoreapp" className="ConfiguracionExamenSeleniumTests" name="ConfigurarExamen_AfterLogin_UpdatesNumeroDisparos" />
    </UnitTest>
    <UnitTest name="ReportesSeleniumTests.VisualizarReporteDeTiradores_AfterLogin_DisplaysTiradoresList" storage="c:\users\larod\source\repos\frontend_admin\frontendadmin.tests\bin\debug\net8.0\frontendadmin.tests.dll" id="cb6b37a2-2da3-4ff4-1e7e-f994925f17bd">
      <Execution id="d681ceb9-47f4-49d2-ad36-df62ed506206" />
      <TestMethod codeBase="C:\Users\larod\source\repos\frontend_admin\FrontendAdmin.Tests\bin\Debug\net8.0\FrontendAdmin.Tests.dll" adapterTypeName="executor://xunit/VsTestRunner2/netcoreapp" className="ReportesSeleniumTests" name="VisualizarReporteDeTiradores_AfterLogin_DisplaysTiradoresList" />
    </UnitTest>
    <UnitTest name="DashboardSeleniumTests.Dashboard_VisibleToOperator_AfterLogin" storage="c:\users\larod\source\repos\frontend_admin\frontendadmin.tests\bin\debug\net8.0\frontendadmin.tests.dll" id="7d5840e3-0ae0-81d2-e594-98cdfb1d4702">
      <Execution id="1476469a-3bcf-4bbc-a558-4f46943b1f8c" />
      <TestMethod codeBase="C:\Users\larod\source\repos\frontend_admin\FrontendAdmin.Tests\bin\Debug\net8.0\FrontendAdmin.Tests.dll" adapterTypeName="executor://xunit/VsTestRunner2/netcoreapp" className="DashboardSeleniumTests" name="Dashboard_VisibleToOperator_AfterLogin" />
    </UnitTest>
    <UnitTest name="PdfTests.ExportPdf_ReturnsPdfFile" storage="c:\users\larod\source\repos\frontend_admin\frontendadmin.tests\bin\debug\net8.0\frontendadmin.tests.dll" id="eb2e096e-d24f-b1dd-47f9-85b01e424c22">
      <Execution id="18fbf00f-a6d4-4d98-b7ea-3806cdb374b5" />
      <TestMethod codeBase="C:\Users\larod\source\repos\frontend_admin\FrontendAdmin.Tests\bin\Debug\net8.0\FrontendAdmin.Tests.dll" adapterTypeName="executor://xunit/VsTestRunner2/netcoreapp" className="PdfTests" name="ExportPdf_ReturnsPdfFile" />
    </UnitTest>
    <UnitTest name="FrontendAdmin.Tests.LoginTests.Login_Authentication_ReturnsViewResult_WhenCredentialsAreValid" storage="c:\users\larod\source\repos\frontend_admin\frontendadmin.tests\bin\debug\net8.0\frontendadmin.tests.dll" id="086a3fb4-b255-0acd-e47b-348d2a743395">
      <Execution id="50e61171-851a-4004-9ac6-f9de8da5890c" />
      <TestMethod codeBase="C:\Users\larod\source\repos\frontend_admin\FrontendAdmin.Tests\bin\Debug\net8.0\FrontendAdmin.Tests.dll" adapterTypeName="executor://xunit/VsTestRunner2/netcoreapp" className="FrontendAdmin.Tests.LoginTests" name="Login_Authentication_ReturnsViewResult_WhenCredentialsAreValid" />
    </UnitTest>
    <UnitTest name="FrontendAdmin.Tests.LoginTests.Login_ValidCredentials_ReturnsViewResult" storage="c:\users\larod\source\repos\frontend_admin\frontendadmin.tests\bin\debug\net8.0\frontendadmin.tests.dll" id="d41d8341-0a1a-82e3-ea84-e754562916ba">
      <Execution id="0897cc3a-bf08-441d-8c20-c1a26107b170" />
      <TestMethod codeBase="C:\Users\larod\source\repos\frontend_admin\FrontendAdmin.Tests\bin\Debug\net8.0\FrontendAdmin.Tests.dll" adapterTypeName="executor://xunit/VsTestRunner2/netcoreapp" className="FrontendAdmin.Tests.LoginTests" name="Login_ValidCredentials_ReturnsViewResult" />
    </UnitTest>
  </TestDefinitions>
  <TestEntries>
    <TestEntry testId="7d5840e3-0ae0-81d2-e594-98cdfb1d4702" executionId="1476469a-3bcf-4bbc-a558-4f46943b1f8c" testListId="8c84fa94-04c1-424b-9868-57a2d4851a1d" />
    <TestEntry testId="e157b470-938d-bedc-a0bf-753f4ff76d22" executionId="7ef21af3-7dbd-42f3-aa66-68b87a7d8020" testListId="8c84fa94-04c1-424b-9868-57a2d4851a1d" />
    <TestEntry testId="086a3fb4-b255-0acd-e47b-348d2a743395" executionId="50e61171-851a-4004-9ac6-f9de8da5890c" testListId="8c84fa94-04c1-424b-9868-57a2d4851a1d" />
    <TestEntry testId="cb6b37a2-2da3-4ff4-1e7e-f994925f17bd" executionId="d681ceb9-47f4-49d2-ad36-df62ed506206" testListId="8c84fa94-04c1-424b-9868-57a2d4851a1d" />
    <TestEntry testId="73e04cbc-9308-44a2-b9e2-bbbb3b4185a7" executionId="748541c7-dba9-4541-9ca9-1b90dcfe1654" testListId="8c84fa94-04c1-424b-9868-57a2d4851a1d" />
    <TestEntry testId="eb2e096e-d24f-b1dd-47f9-85b01e424c22" executionId="18fbf00f-a6d4-4d98-b7ea-3806cdb374b5" testListId="8c84fa94-04c1-424b-9868-57a2d4851a1d" />
    <TestEntry testId="d41d8341-0a1a-82e3-ea84-e754562916ba" executionId="0897cc3a-bf08-441d-8c20-c1a26107b170" testListId="8c84fa94-04c1-424b-9868-57a2d4851a1d" />
  </TestEntries>
  <TestLists>
    <TestList name="Results Not in a List" id="8c84fa94-04c1-424b-9868-57a2d4851a1d" />
    <TestList name="All Loaded Results" id="19431567-8539-422a-85d7-44ee4e166bda" />
  </TestLists>
  <ResultSummary outcome="Completed">
    <Counters total="7" executed="7" passed="7" failed="0" error="0" timeout="0" aborted="0" inconclusive="0" passedButRunAborted="0" notRunnable="0" notExecuted="0" disconnected="0" warning="0" completed="0" inProgress="0" pending="0" />
    <Output>
      <StdOut>[xUnit.net 00:00:00.00] xUnit.net VSTest Adapter v2.5.3.1+6b60a9e56a (64-bit .NET 8.0.11)&#xD;
[xUnit.net 00:00:00.06]   Discovering: FrontendAdmin.Tests&#xD;
[xUnit.net 00:00:00.08]   Discovered:  FrontendAdmin.Tests&#xD;
[xUnit.net 00:00:00.08]   Starting:    FrontendAdmin.Tests&#xD;
warn: 11/15/2024 23:04:23.424 CoreEventId.SensitiveDataLoggingEnabledWarning[10400] (Microsoft.EntityFrameworkCore.Infrastructure) &#xD;
      Sensitive data logging is enabled. Log entries and exception messages may include sensitive application data; this mode should only be enabled during development.&#xD;
dbug: 11/15/2024 23:04:23.461 CoreEventId.ContextInitialized[10403] (Microsoft.EntityFrameworkCore.Infrastructure) &#xD;
      Entity Framework Core 8.0.10 initialized 'ApplicationDbContext' using provider 'Microsoft.EntityFrameworkCore.InMemory:8.0.10' with options: SensitiveDataLoggingEnabled StoreName=TestDb &#xD;
dbug: 11/15/2024 23:04:23.461 CoreEventId.ContextInitialized[10403] (Microsoft.EntityFrameworkCore.Infrastructure) &#xD;
      Entity Framework Core 8.0.10 initialized 'ApplicationDbContext' using provider 'Microsoft.EntityFrameworkCore.InMemory:8.0.10' with options: SensitiveDataLoggingEnabled StoreName=TestDatabase &#xD;
Starting ChromeDriver 130.0.6723.116 (6ac35f94ae3d01152cf1946c896b0678e48f8ec4-refs/branch-heads/6723@{#1764}) on port 63919&#xD;
Only local connections are allowed.&#xD;
Please see https://chromedriver.chromium.org/security-considerations for suggestions on keeping ChromeDriver safe.&#xD;
dbug: 11/15/2024 23:04:23.491 CoreEventId.ValueGenerated[10808] (Microsoft.EntityFrameworkCore.ChangeTracking) &#xD;
      'ApplicationDbContext' generated value '1' for the property 'Usuario.IdUsuario'.&#xD;
Starting ChromeDriver 130.0.6723.116 (6ac35f94ae3d01152cf1946c896b0678e48f8ec4-refs/branch-heads/6723@{#1764}) on port 63916&#xD;
Only local connections are allowed.&#xD;
Please see https://chromedriver.chromium.org/security-considerations for suggestions on keeping ChromeDriver safe.&#xD;
ChromeDriver was started successfully on port 63919.&#xD;
ChromeDriver was started successfully on port 63916.&#xD;
Starting ChromeDriver 130.0.6723.116 (6ac35f94ae3d01152cf1946c896b0678e48f8ec4-refs/branch-heads/6723@{#1764}) on port 63917&#xD;
Only local connections are allowed.&#xD;
Please see https://chromedriver.chromium.org/security-considerations for suggestions on keeping ChromeDriver safe.&#xD;
Starting ChromeDriver 130.0.6723.116 (6ac35f94ae3d01152cf1946c896b0678e48f8ec4-refs/branch-heads/6723@{#1764}) on port 63918&#xD;
Only local connections are allowed.&#xD;
Please see https://chromedriver.chromium.org/security-considerations for suggestions on keeping ChromeDriver safe.&#xD;
ChromeDriver was started successfully on port 63917.&#xD;
ChromeDriver was started successfully on port 63918.&#xD;
dbug: 11/15/2024 23:04:23.511 CoreEventId.StartedTracking[10806] (Microsoft.EntityFrameworkCore.ChangeTracking) &#xD;
      Context 'ApplicationDbContext' started tracking 'Usuario' entity with key '{IdUsuario: 1}'.&#xD;
dbug: 11/15/2024 23:04:23.511 CoreEventId.StartedTracking[10806] (Microsoft.EntityFrameworkCore.ChangeTracking) &#xD;
      Context 'ApplicationDbContext' started tracking 'Usuario' entity with key '{IdUsuario: 1}'.&#xD;
dbug: 11/15/2024 23:04:23.513 CoreEventId.SaveChangesStarting[10004] (Microsoft.EntityFrameworkCore.Update) &#xD;
      SaveChanges starting for 'ApplicationDbContext'.&#xD;
dbug: 11/15/2024 23:04:23.514 CoreEventId.DetectChangesStarting[10800] (Microsoft.EntityFrameworkCore.ChangeTracking) &#xD;
      DetectChanges starting for 'ApplicationDbContext'.&#xD;
dbug: 11/15/2024 23:04:23.522 CoreEventId.DetectChangesCompleted[10801] (Microsoft.EntityFrameworkCore.ChangeTracking) &#xD;
      DetectChanges completed for 'ApplicationDbContext'.&#xD;
dbug: 11/15/2024 23:04:23.526 CoreEventId.StartedTracking[10806] (Microsoft.EntityFrameworkCore.ChangeTracking) &#xD;
      Context 'ApplicationDbContext' started tracking 'Reportes' entity with key '{IdReporte: 1}'.&#xD;
dbug: 11/15/2024 23:04:23.526 CoreEventId.SaveChangesStarting[10004] (Microsoft.EntityFrameworkCore.Update) &#xD;
      SaveChanges starting for 'ApplicationDbContext'.&#xD;
dbug: 11/15/2024 23:04:23.527 CoreEventId.DetectChangesStarting[10800] (Microsoft.EntityFrameworkCore.ChangeTracking) &#xD;
      DetectChanges starting for 'ApplicationDbContext'.&#xD;
info: 11/15/2024 23:04:23.529 InMemoryEventId.ChangesSaved[30100] (Microsoft.EntityFrameworkCore.Update) &#xD;
      Saved 1 entities to in-memory store.&#xD;
dbug: 11/15/2024 23:04:23.531 CoreEventId.DetectChangesCompleted[10801] (Microsoft.EntityFrameworkCore.ChangeTracking) &#xD;
      DetectChanges completed for 'ApplicationDbContext'.&#xD;
info: 11/15/2024 23:04:23.531 InMemoryEventId.ChangesSaved[30100] (Microsoft.EntityFrameworkCore.Update) &#xD;
      Saved 2 entities to in-memory store.&#xD;
dbug: 11/15/2024 23:04:23.532 CoreEventId.StateChanged[10807] (Microsoft.EntityFrameworkCore.ChangeTracking) &#xD;
      The 'Usuario' entity with key '{IdUsuario: 1}' tracked by 'ApplicationDbContext' changed state from 'Added' to 'Unchanged'.&#xD;
dbug: 11/15/2024 23:04:23.532 CoreEventId.StateChanged[10807] (Microsoft.EntityFrameworkCore.ChangeTracking) &#xD;
      The 'Usuario' entity with key '{IdUsuario: 1}' tracked by 'ApplicationDbContext' changed state from 'Added' to 'Unchanged'.&#xD;
dbug: 11/15/2024 23:04:23.532 CoreEventId.StateChanged[10807] (Microsoft.EntityFrameworkCore.ChangeTracking) &#xD;
      The 'Reportes' entity with key '{IdReporte: 1}' tracked by 'ApplicationDbContext' changed state from 'Added' to 'Unchanged'.&#xD;
dbug: 11/15/2024 23:04:23.534 CoreEventId.SaveChangesCompleted[10005] (Microsoft.EntityFrameworkCore.Update) &#xD;
      SaveChanges completed for 'ApplicationDbContext' with 1 entities written to the database.&#xD;
dbug: 11/15/2024 23:04:23.534 CoreEventId.SaveChangesCompleted[10005] (Microsoft.EntityFrameworkCore.Update) &#xD;
      SaveChanges completed for 'ApplicationDbContext' with 2 entities written to the database.&#xD;
dbug: 11/15/2024 23:04:23.576 CoreEventId.QueryCompilationStarting[10111] (Microsoft.EntityFrameworkCore.Query) &#xD;
      Compiling query expression: &#xD;
      'DbSet&lt;Reportes&gt;()&#xD;
          .Include(r =&gt; r.Usuario)&#xD;
          .FirstOrDefault(r =&gt; r.IdReporte == __id_0)'&#xD;
dbug: 11/15/2024 23:04:23.576 CoreEventId.QueryCompilationStarting[10111] (Microsoft.EntityFrameworkCore.Query) &#xD;
      Compiling query expression: &#xD;
      'DbSet&lt;Usuario&gt;()&#xD;
          .FirstOrDefault(u =&gt; u.Correo == __correo_0 &amp;&amp; u.Clave == __clave_1)'&#xD;
dbug: 11/15/2024 23:04:23.624 CoreEventId.NavigationBaseIncluded[10112] (Microsoft.EntityFrameworkCore.Query) &#xD;
      Including navigation: 'Reportes.Usuario'.&#xD;
dbug: 11/15/2024 23:04:23.656 CoreEventId.QueryExecutionPlanned[10107] (Microsoft.EntityFrameworkCore.Query) &#xD;
      Generated query execution expression: &#xD;
      'queryContext =&gt; ShapedQueryCompilingExpressionVisitor.SingleOrDefaultAsync&lt;Usuario&gt;(&#xD;
          asyncEnumerable: new QueryingEnumerable&lt;Usuario&gt;(&#xD;
              queryContext, &#xD;
              new ResultEnumerable(() =&gt; InMemoryShapedQueryCompilingExpressionVisitor.Table(&#xD;
                  queryContext: queryContext, &#xD;
                  entityType: EntityType: Usuario)&#xD;
                  .Where(valueBuffer =&gt; DefaultValueComparer&lt;string&gt;.Equals(&#xD;
                      left: ExpressionExtensions.ValueBufferTryReadValue&lt;string&gt;(&#xD;
                          valueBuffer: valueBuffer, &#xD;
                          index: 3, &#xD;
                          property: Property: Usuario.Correo (string) Required MaxLength(50)), &#xD;
                      right: InMemoryExpressionTranslatingExpressionVisitor.GetParameterValue&lt;string&gt;(&#xD;
                          queryContext: queryContext, &#xD;
                          parameterName: "__correo_0")) &amp;&amp; DefaultValueComparer&lt;string&gt;.Equals(&#xD;
                      left: ExpressionExtensions.ValueBufferTryReadValue&lt;string&gt;(&#xD;
                          valueBuffer: valueBuffer, &#xD;
                          index: 1, &#xD;
                          property: Property: Usuario.Clave (string) Required MaxLength(200)), &#xD;
                      right: InMemoryExpressionTranslatingExpressionVisitor.GetParameterValue&lt;string&gt;(&#xD;
                          queryContext: queryContext, &#xD;
                          parameterName: "__clave_1")))&#xD;
                  .Select(valueBuffer =&gt; new ValueBuffer(new object[]&#xD;
                  { &#xD;
                      (object)ExpressionExtensions.ValueBufferTryReadValue&lt;int&gt;(&#xD;
                          valueBuffer: valueBuffer, &#xD;
                          index: 0, &#xD;
                          property: Property: Usuario.IdUsuario (int) Required PK AfterSave:Throw ValueGenerated.OnAdd), &#xD;
                      ExpressionExtensions.ValueBufferTryReadValue&lt;string&gt;(&#xD;
                          valueBuffer: valueBuffer, &#xD;
                          index: 1, &#xD;
                          property: Property: Usuario.Clave (string) Required MaxLength(200)), &#xD;
                      (object)ExpressionExtensions.ValueBufferTryReadValue&lt;bool?&gt;(&#xD;
                          valueBuffer: valueBuffer, &#xD;
                          index: 2, &#xD;
                          property: Property: Usuario.Confirmado (bool?)), &#xD;
                      ExpressionExtensions.ValueBufferTryReadValue&lt;string&gt;(&#xD;
                          valueBuffer: valueBuffer, &#xD;
                          index: 3, &#xD;
                          property: Property: Usuario.Correo (string) Required MaxLength(50)), &#xD;
                      ExpressionExtensions.ValueBufferTryReadValue&lt;string&gt;(&#xD;
                          valueBuffer: valueBuffer, &#xD;
                          index: 4, &#xD;
                          property: Property: Usuario.DNI (string) Required MaxLength(20)), &#xD;
                      ExpressionExtensions.ValueBufferTryReadValue&lt;string&gt;(&#xD;
                          valueBuffer: valueBuffer, &#xD;
                          index: 5, &#xD;
                          property: Property: Usuario.Nombre (string) Required MaxLength(50)), &#xD;
                      (object)ExpressionExtensions.ValueBufferTryReadValue&lt;bool&gt;(&#xD;
                          valueBuffer: valueBuffer, &#xD;
                          index: 6, &#xD;
                          property: Property: Usuario.Restablecer (bool) Required), &#xD;
                      ExpressionExtensions.ValueBufferTryReadValue&lt;string&gt;(&#xD;
                          valueBuffer: valueBuffer, &#xD;
                          index: 7, &#xD;
                          property: Property: Usuario.Token (string) Required MaxLength(200)) &#xD;
                  }))&#xD;
                  .FirstOrDefault()), &#xD;
              Func&lt;QueryContext, ValueBuffer, Usuario&gt;, &#xD;
              frontend_admin.Data.ApplicationDbContext, &#xD;
              False, &#xD;
              True&#xD;
          ), &#xD;
          cancellationToken: queryContext.CancellationToken)'&#xD;
dbug: 11/15/2024 23:04:23.657 CoreEventId.QueryExecutionPlanned[10107] (Microsoft.EntityFrameworkCore.Query) &#xD;
      Generated query execution expression: &#xD;
      'queryContext =&gt; ShapedQueryCompilingExpressionVisitor.SingleOrDefaultAsync&lt;Reportes&gt;(&#xD;
          asyncEnumerable: new QueryingEnumerable&lt;Reportes&gt;(&#xD;
              queryContext, &#xD;
              new ResultEnumerable(() =&gt; InMemoryShapedQueryCompilingExpressionVisitor.Table(&#xD;
                  queryContext: queryContext, &#xD;
                  entityType: EntityType: Reportes)&#xD;
                  .Where(valueBuffer =&gt; DefaultValueComparer&lt;int&gt;.Equals(&#xD;
                      left: ExpressionExtensions.ValueBufferTryReadValue&lt;int&gt;(&#xD;
                          valueBuffer: valueBuffer, &#xD;
                          index: 0, &#xD;
                          property: Property: Reportes.IdReporte (int) Required PK AfterSave:Throw ValueGenerated.OnAdd), &#xD;
                      right: InMemoryExpressionTranslatingExpressionVisitor.GetParameterValue&lt;int&gt;(&#xD;
                          queryContext: queryContext, &#xD;
                          parameterName: "__id_0")))&#xD;
                  .Join(&#xD;
                      inner: InMemoryShapedQueryCompilingExpressionVisitor.Table(&#xD;
                          queryContext: queryContext, &#xD;
                          entityType: EntityType: Usuario), &#xD;
                      outerKeySelector: valueBuffer =&gt; (object)(int?)ExpressionExtensions.ValueBufferTryReadValue&lt;int&gt;(&#xD;
                          valueBuffer: valueBuffer, &#xD;
                          index: 3, &#xD;
                          property: Property: Reportes.IdUsuario (int) Required FK Index), &#xD;
                      innerKeySelector: valueBuffer =&gt; (object)(int?)ExpressionExtensions.ValueBufferTryReadValue&lt;int&gt;(&#xD;
                          valueBuffer: valueBuffer, &#xD;
                          index: 0, &#xD;
                          property: Property: Usuario.IdUsuario (int) Required PK AfterSave:Throw ValueGenerated.OnAdd), &#xD;
                      resultSelector: (outer, inner) =&gt; new ValueBuffer(new object[]&#xD;
                      { &#xD;
                          (object)ExpressionExtensions.ValueBufferTryReadValue&lt;int&gt;(&#xD;
                              valueBuffer: outer, &#xD;
                              index: 0, &#xD;
                              property: Property: Reportes.IdReporte (int) Required PK AfterSave:Throw ValueGenerated.OnAdd), &#xD;
                          ExpressionExtensions.ValueBufferTryReadValue&lt;string&gt;(&#xD;
                              valueBuffer: outer, &#xD;
                              index: 1, &#xD;
                              property: Property: Reportes.Detalles (string)), &#xD;
                          (object)ExpressionExtensions.ValueBufferTryReadValue&lt;DateTime&gt;(&#xD;
                              valueBuffer: outer, &#xD;
                              index: 2, &#xD;
                              property: Property: Reportes.FechaReporte (DateTime) Required), &#xD;
                          (object)ExpressionExtensions.ValueBufferTryReadValue&lt;int&gt;(&#xD;
                              valueBuffer: outer, &#xD;
                              index: 3, &#xD;
                              property: Property: Reportes.IdUsuario (int) Required FK Index), &#xD;
                          (object)ExpressionExtensions.ValueBufferTryReadValue&lt;float&gt;(&#xD;
                              valueBuffer: outer, &#xD;
                              index: 4, &#xD;
                              property: Property: Reportes.PromedioPrecision (float) Required), &#xD;
                          (object)ExpressionExtensions.ValueBufferTryReadValue&lt;int&gt;(&#xD;
                              valueBuffer: outer, &#xD;
                              index: 5, &#xD;
                              property: Property: Reportes.TotalImpactos (int) Required), &#xD;
                          (object)ExpressionExtensions.ValueBufferTryReadValue&lt;int&gt;(&#xD;
                              valueBuffer: inner, &#xD;
                              index: 0, &#xD;
                              property: Property: Usuario.IdUsuario (int) Required PK AfterSave:Throw ValueGenerated.OnAdd), &#xD;
                          ExpressionExtensions.ValueBufferTryReadValue&lt;string&gt;(&#xD;
                              valueBuffer: inner, &#xD;
                              index: 1, &#xD;
                              property: Property: Usuario.Clave (string) Required MaxLength(200)), &#xD;
                          (object)ExpressionExtensions.ValueBufferTryReadValue&lt;bool?&gt;(&#xD;
                              valueBuffer: inner, &#xD;
                              index: 2, &#xD;
                              property: Property: Usuario.Confirmado (bool?)), &#xD;
                          ExpressionExtensions.ValueBufferTryReadValue&lt;string&gt;(&#xD;
                              valueBuffer: inner, &#xD;
                              index: 3, &#xD;
                              property: Property: Usuario.Correo (string) Required MaxLength(50)), &#xD;
                          ExpressionExtensions.ValueBufferTryReadValue&lt;string&gt;(&#xD;
                              valueBuffer: inner, &#xD;
                              index: 4, &#xD;
                              property: Property: Usuario.DNI (string) Required MaxLength(20)), &#xD;
                          ExpressionExtensions.ValueBufferTryReadValue&lt;string&gt;(&#xD;
                              valueBuffer: inner, &#xD;
                              index: 5, &#xD;
                              property: Property: Usuario.Nombre (string) Required MaxLength(50)), &#xD;
                          (object)ExpressionExtensions.ValueBufferTryReadValue&lt;bool&gt;(&#xD;
                              valueBuffer: inner, &#xD;
                              index: 6, &#xD;
                              property: Property: Usuario.Restablecer (bool) Required), &#xD;
                          ExpressionExtensions.ValueBufferTryReadValue&lt;string&gt;(&#xD;
                              valueBuffer: inner, &#xD;
                              index: 7, &#xD;
                              property: Property: Usuario.Token (string) Required MaxLength(200)) &#xD;
                      }))&#xD;
                  .Select(valueBuffer =&gt; new ValueBuffer(new object[]&#xD;
                  { &#xD;
                      (object)ExpressionExtensions.ValueBufferTryReadValue&lt;int&gt;(&#xD;
                          valueBuffer: valueBuffer, &#xD;
                          index: 0, &#xD;
                          property: Property: Reportes.IdReporte (int) Required PK AfterSave:Throw ValueGenerated.OnAdd), &#xD;
                      ExpressionExtensions.ValueBufferTryReadValue&lt;string&gt;(&#xD;
                          valueBuffer: valueBuffer, &#xD;
                          index: 1, &#xD;
                          property: Property: Reportes.Detalles (string)), &#xD;
                      (object)ExpressionExtensions.ValueBufferTryReadValue&lt;DateTime&gt;(&#xD;
                          valueBuffer: valueBuffer, &#xD;
                          index: 2, &#xD;
                          property: Property: Reportes.FechaReporte (DateTime) Required), &#xD;
                      (object)ExpressionExtensions.ValueBufferTryReadValue&lt;int&gt;(&#xD;
                          valueBuffer: valueBuffer, &#xD;
                          index: 3, &#xD;
                          property: Property: Reportes.IdUsuario (int) Required FK Index), &#xD;
                      (object)ExpressionExtensions.ValueBufferTryReadValue&lt;float&gt;(&#xD;
                          valueBuffer: valueBuffer, &#xD;
                          index: 4, &#xD;
                          property: Property: Reportes.PromedioPrecision (float) Required), &#xD;
                      (object)ExpressionExtensions.ValueBufferTryReadValue&lt;int&gt;(&#xD;
                          valueBuffer: valueBuffer, &#xD;
                          index: 5, &#xD;
                          property: Property: Reportes.TotalImpactos (int) Required), &#xD;
                      (object)ExpressionExtensions.ValueBufferTryReadValue&lt;int&gt;(&#xD;
                          valueBuffer: valueBuffer, &#xD;
                          index: 6, &#xD;
                          property: Property: Usuario.IdUsuario (int) Required PK AfterSave:Throw ValueGenerated.OnAdd), &#xD;
                      ExpressionExtensions.ValueBufferTryReadValue&lt;string&gt;(&#xD;
                          valueBuffer: valueBuffer, &#xD;
                          index: 7, &#xD;
                          property: Property: Usuario.Clave (string) Required MaxLength(200)), &#xD;
                      (object)ExpressionExtensions.ValueBufferTryReadValue&lt;bool?&gt;(&#xD;
                          valueBuffer: valueBuffer, &#xD;
                          index: 8, &#xD;
                          property: Property: Usuario.Confirmado (bool?)), &#xD;
                      ExpressionExtensions.ValueBufferTryReadValue&lt;string&gt;(&#xD;
                          valueBuffer: valueBuffer, &#xD;
                          index: 9, &#xD;
                          property: Property: Usuario.Correo (string) Required MaxLength(50)), &#xD;
                      ExpressionExtensions.ValueBufferTryReadValue&lt;string&gt;(&#xD;
                          valueBuffer: valueBuffer, &#xD;
                          index: 10, &#xD;
                          property: Property: Usuario.DNI (string) Required MaxLength(20)), &#xD;
                      ExpressionExtensions.ValueBufferTryReadValue&lt;string&gt;(&#xD;
                          valueBuffer: valueBuffer, &#xD;
                          index: 11, &#xD;
                          property: Property: Usuario.Nombre (string) Required MaxLength(50)), &#xD;
                      (object)ExpressionExtensions.ValueBufferTryReadValue&lt;bool&gt;(&#xD;
                          valueBuffer: valueBuffer, &#xD;
                          index: 12, &#xD;
                          property: Property: Usuario.Restablecer (bool) Required), &#xD;
                      ExpressionExtensions.ValueBufferTryReadValue&lt;string&gt;(&#xD;
                          valueBuffer: valueBuffer, &#xD;
                          index: 13, &#xD;
                          property: Property: Usuario.Token (string) Required MaxLength(200)) &#xD;
                  }))&#xD;
                  .Select(valueBuffer =&gt; new ValueBuffer(new object[]&#xD;
                  { &#xD;
                      (object)ExpressionExtensions.ValueBufferTryReadValue&lt;int&gt;(&#xD;
                          valueBuffer: valueBuffer, &#xD;
                          index: 0, &#xD;
                          property: Property: Reportes.IdReporte (int) Required PK AfterSave:Throw ValueGenerated.OnAdd), &#xD;
                      ExpressionExtensions.ValueBufferTryReadValue&lt;string&gt;(&#xD;
                          valueBuffer: valueBuffer, &#xD;
                          index: 1, &#xD;
                          property: Property: Reportes.Detalles (string)), &#xD;
                      (object)ExpressionExtensions.ValueBufferTryReadValue&lt;DateTime&gt;(&#xD;
                          valueBuffer: valueBuffer, &#xD;
                          index: 2, &#xD;
                          property: Property: Reportes.FechaReporte (DateTime) Required), &#xD;
                      (object)ExpressionExtensions.ValueBufferTryReadValue&lt;int&gt;(&#xD;
                          valueBuffer: valueBuffer, &#xD;
                          index: 3, &#xD;
                          property: Property: Reportes.IdUsuario (int) Required FK Index), &#xD;
                      (object)ExpressionExtensions.ValueBufferTryReadValue&lt;float&gt;(&#xD;
                          valueBuffer: valueBuffer, &#xD;
                          index: 4, &#xD;
                          property: Property: Reportes.PromedioPrecision (float) Required), &#xD;
                      (object)ExpressionExtensions.ValueBufferTryReadValue&lt;int&gt;(&#xD;
                          valueBuffer: valueBuffer, &#xD;
                          index: 5, &#xD;
                          property: Property: Reportes.TotalImpactos (int) Required), &#xD;
                      (object)ExpressionExtensions.ValueBufferTryReadValue&lt;int&gt;(&#xD;
                          valueBuffer: valueBuffer, &#xD;
                          index: 6, &#xD;
                          property: Property: Usuario.IdUsuario (int) Required PK AfterSave:Throw ValueGenerated.OnAdd), &#xD;
                      ExpressionExtensions.ValueBufferTryReadValue&lt;string&gt;(&#xD;
                          valueBuffer: valueBuffer, &#xD;
                          index: 7, &#xD;
                          property: Property: Usuario.Clave (string) Required MaxLength(200)), &#xD;
                      (object)ExpressionExtensions.ValueBufferTryReadValue&lt;bool?&gt;(&#xD;
                          valueBuffer: valueBuffer, &#xD;
                          index: 8, &#xD;
                          property: Property: Usuario.Confirmado (bool?)), &#xD;
                      ExpressionExtensions.ValueBufferTryReadValue&lt;string&gt;(&#xD;
                          valueBuffer: valueBuffer, &#xD;
                          index: 9, &#xD;
                          property: Property: Usuario.Correo (string) Required MaxLength(50)), &#xD;
                      ExpressionExtensions.ValueBufferTryReadValue&lt;string&gt;(&#xD;
                          valueBuffer: valueBuffer, &#xD;
                          index: 10, &#xD;
                          property: Property: Usuario.DNI (string) Required MaxLength(20)), &#xD;
                      ExpressionExtensions.ValueBufferTryReadValue&lt;string&gt;(&#xD;
                          valueBuffer: valueBuffer, &#xD;
                          index: 11, &#xD;
                          property: Property: Usuario.Nombre (string) Required MaxLength(50)), &#xD;
                      (object)ExpressionExtensions.ValueBufferTryReadValue&lt;bool&gt;(&#xD;
                          valueBuffer: valueBuffer, &#xD;
                          index: 12, &#xD;
                          property: Property: Usuario.Restablecer (bool) Required), &#xD;
                      ExpressionExtensions.ValueBufferTryReadValue&lt;string&gt;(&#xD;
                          valueBuffer: valueBuffer, &#xD;
                          index: 13, &#xD;
                          property: Property: Usuario.Token (string) Required MaxLength(200)) &#xD;
                  }))&#xD;
                  .FirstOrDefault()), &#xD;
              Func&lt;QueryContext, ValueBuffer, Reportes&gt;, &#xD;
              frontend_admin.Data.ApplicationDbContext, &#xD;
              False, &#xD;
              True&#xD;
          ), &#xD;
          cancellationToken: queryContext.CancellationToken)'&#xD;
dbug: 11/15/2024 23:04:23.665 CoreEventId.QueryCompilationStarting[10111] (Microsoft.EntityFrameworkCore.Query) &#xD;
      Compiling query expression: &#xD;
      'DbSet&lt;ExternalUser&gt;()&#xD;
          .FirstOrDefault(eu =&gt; eu.dni == __usuario_DNI_0)'&#xD;
dbug: 11/15/2024 23:04:23.667 CoreEventId.QueryExecutionPlanned[10107] (Microsoft.EntityFrameworkCore.Query) &#xD;
      Generated query execution expression: &#xD;
      'queryContext =&gt; ShapedQueryCompilingExpressionVisitor.SingleOrDefaultAsync&lt;ExternalUser&gt;(&#xD;
          asyncEnumerable: new QueryingEnumerable&lt;ExternalUser&gt;(&#xD;
              queryContext, &#xD;
              new ResultEnumerable(() =&gt; InMemoryShapedQueryCompilingExpressionVisitor.Table(&#xD;
                  queryContext: queryContext, &#xD;
                  entityType: EntityType: ExternalUser)&#xD;
                  .Where(valueBuffer =&gt; DefaultValueComparer&lt;string&gt;.Equals(&#xD;
                      left: ExpressionExtensions.ValueBufferTryReadValue&lt;string&gt;(&#xD;
                          valueBuffer: valueBuffer, &#xD;
                          index: 0, &#xD;
                          property: Property: ExternalUser.dni (string) Required PK AfterSave:Throw MaxLength(20)), &#xD;
                      right: InMemoryExpressionTranslatingExpressionVisitor.GetParameterValue&lt;string&gt;(&#xD;
                          queryContext: queryContext, &#xD;
                          parameterName: "__usuario_DNI_0")))&#xD;
                  .Select(valueBuffer =&gt; new ValueBuffer(new object[]&#xD;
                  { &#xD;
                      ExpressionExtensions.ValueBufferTryReadValue&lt;string&gt;(&#xD;
                          valueBuffer: valueBuffer, &#xD;
                          index: 0, &#xD;
                          property: Property: ExternalUser.dni (string) Required PK AfterSave:Throw MaxLength(20)), &#xD;
                      ExpressionExtensions.ValueBufferTryReadValue&lt;string&gt;(&#xD;
                          valueBuffer: valueBuffer, &#xD;
                          index: 1, &#xD;
                          property: Property: ExternalUser.face_descriptor (string)), &#xD;
                      ExpressionExtensions.ValueBufferTryReadValue&lt;string&gt;(&#xD;
                          valueBuffer: valueBuffer, &#xD;
                          index: 2, &#xD;
                          property: Property: ExternalUser.image_path (string)), &#xD;
                      ExpressionExtensions.ValueBufferTryReadValue&lt;string&gt;(&#xD;
                          valueBuffer: valueBuffer, &#xD;
                          index: 3, &#xD;
                          property: Property: ExternalUser.name (string)) &#xD;
                  }))&#xD;
                  .FirstOrDefault()), &#xD;
              Func&lt;QueryContext, ValueBuffer, ExternalUser&gt;, &#xD;
              frontend_admin.Data.ApplicationDbContext, &#xD;
              False, &#xD;
              True&#xD;
          ), &#xD;
          cancellationToken: queryContext.CancellationToken)'&#xD;
dbug: 11/15/2024 23:04:23.670 CoreEventId.QueryCompilationStarting[10111] (Microsoft.EntityFrameworkCore.Query) &#xD;
      Compiling query expression: &#xD;
      'DbSet&lt;ImpactosBala&gt;()&#xD;
          .Where(i =&gt; __impactoIds_0.Contains(i.IdImpacto))'&#xD;
dbug: 11/15/2024 23:04:23.675 CoreEventId.QueryExecutionPlanned[10107] (Microsoft.EntityFrameworkCore.Query) &#xD;
      Generated query execution expression: &#xD;
      'queryContext =&gt; new QueryingEnumerable&lt;ImpactosBala&gt;(&#xD;
          queryContext, &#xD;
          InMemoryShapedQueryCompilingExpressionVisitor.Table(&#xD;
              queryContext: queryContext, &#xD;
              entityType: EntityType: ImpactosBala)&#xD;
              .Where(valueBuffer =&gt; InMemoryExpressionTranslatingExpressionVisitor.GetParameterValue&lt;List&lt;int&gt;&gt;(&#xD;
                  queryContext: queryContext, &#xD;
                  parameterName: "__impactoIds_0")&#xD;
                  .Contains(ExpressionExtensions.ValueBufferTryReadValue&lt;int&gt;(&#xD;
                      valueBuffer: valueBuffer, &#xD;
                      index: 0, &#xD;
                      property: Property: ImpactosBala.IdImpacto (int) Required PK AfterSave:Throw ValueGenerated.OnAdd)))&#xD;
              .Select(valueBuffer =&gt; new ValueBuffer(new object[]&#xD;
              { &#xD;
                  (object)ExpressionExtensions.ValueBufferTryReadValue&lt;int&gt;(&#xD;
                      valueBuffer: valueBuffer, &#xD;
                      index: 0, &#xD;
                      property: Property: ImpactosBala.IdImpacto (int) Required PK AfterSave:Throw ValueGenerated.OnAdd), &#xD;
                  (object)ExpressionExtensions.ValueBufferTryReadValue&lt;DateTime&gt;(&#xD;
                      valueBuffer: valueBuffer, &#xD;
                      index: 1, &#xD;
                      property: Property: ImpactosBala.Fecha (DateTime) Required), &#xD;
                  (object)ExpressionExtensions.ValueBufferTryReadValue&lt;int&gt;(&#xD;
                      valueBuffer: valueBuffer, &#xD;
                      index: 2, &#xD;
                      property: Property: ImpactosBala.IdUsuario (int) Required FK Index), &#xD;
                  (object)ExpressionExtensions.ValueBufferTryReadValue&lt;float&gt;(&#xD;
                      valueBuffer: valueBuffer, &#xD;
                      index: 3, &#xD;
                      property: Property: ImpactosBala.Precision (float) Required), &#xD;
                  ExpressionExtensions.ValueBufferTryReadValue&lt;string&gt;(&#xD;
                      valueBuffer: valueBuffer, &#xD;
                      index: 4, &#xD;
                      property: Property: ImpactosBala.RutaImagen (string) MaxLength(255)), &#xD;
                  ExpressionExtensions.ValueBufferTryReadValue&lt;string&gt;(&#xD;
                      valueBuffer: valueBuffer, &#xD;
                      index: 5, &#xD;
                      property: Property: ImpactosBala.Ubicacion (string) MaxLength(255)) &#xD;
              })), &#xD;
          Func&lt;QueryContext, ValueBuffer, ImpactosBala&gt;, &#xD;
          frontend_admin.Data.ApplicationDbContext, &#xD;
          False, &#xD;
          True&#xD;
      )'&#xD;
dbug: 11/15/2024 23:04:23.700 CoreEventId.ContextInitialized[10403] (Microsoft.EntityFrameworkCore.Infrastructure) &#xD;
      Entity Framework Core 8.0.10 initialized 'ApplicationDbContext' using provider 'Microsoft.EntityFrameworkCore.InMemory:8.0.10' with options: SensitiveDataLoggingEnabled StoreName=TestDb &#xD;
dbug: 11/15/2024 23:04:23.700 CoreEventId.ValueGenerated[10808] (Microsoft.EntityFrameworkCore.ChangeTracking) &#xD;
      'ApplicationDbContext' generated value '2' for the property 'Usuario.IdUsuario'.&#xD;
dbug: 11/15/2024 23:04:23.701 CoreEventId.StartedTracking[10806] (Microsoft.EntityFrameworkCore.ChangeTracking) &#xD;
      Context 'ApplicationDbContext' started tracking 'Usuario' entity with key '{IdUsuario: 2}'.&#xD;
dbug: 11/15/2024 23:04:23.701 CoreEventId.SaveChangesStarting[10004] (Microsoft.EntityFrameworkCore.Update) &#xD;
      SaveChanges starting for 'ApplicationDbContext'.&#xD;
dbug: 11/15/2024 23:04:23.701 CoreEventId.DetectChangesStarting[10800] (Microsoft.EntityFrameworkCore.ChangeTracking) &#xD;
      DetectChanges starting for 'ApplicationDbContext'.&#xD;
dbug: 11/15/2024 23:04:23.701 CoreEventId.DetectChangesCompleted[10801] (Microsoft.EntityFrameworkCore.ChangeTracking) &#xD;
      DetectChanges completed for 'ApplicationDbContext'.&#xD;
info: 11/15/2024 23:04:23.701 InMemoryEventId.ChangesSaved[30100] (Microsoft.EntityFrameworkCore.Update) &#xD;
      Saved 1 entities to in-memory store.&#xD;
dbug: 11/15/2024 23:04:23.701 CoreEventId.StateChanged[10807] (Microsoft.EntityFrameworkCore.ChangeTracking) &#xD;
      The 'Usuario' entity with key '{IdUsuario: 2}' tracked by 'ApplicationDbContext' changed state from 'Added' to 'Unchanged'.&#xD;
dbug: 11/15/2024 23:04:23.701 CoreEventId.SaveChangesCompleted[10005] (Microsoft.EntityFrameworkCore.Update) &#xD;
      SaveChanges completed for 'ApplicationDbContext' with 1 entities written to the database.&#xD;
dbug: 11/15/2024 23:04:23.703 CoreEventId.StartedTracking[10806] (Microsoft.EntityFrameworkCore.ChangeTracking) &#xD;
      Context 'ApplicationDbContext' started tracking 'Usuario' entity with key '{IdUsuario: 1}'.&#xD;
P�gina de inicio de sesi�n cargada.&#xD;
Credenciales ingresadas.&#xD;
Formulario enviado.&#xD;
URL actual despu�s del login: http://localhost:5286/Home/Dashboard&#xD;
Redirigido correctamente al Dashboard.&#xD;
[xUnit.net 00:00:09.90]   Finished:    FrontendAdmin.Tests&#xD;
</StdOut>
    </Output>
  </ResultSummary>
</TestRun>